<?xml version="1.0" encoding="UTF-8"?>
<!-- Generated by org.testng.reporters.JUnitReportReporter -->
<testsuite hostname="DESKTOP-6VP4L9M" failures="0" tests="4" name="playlistRunner.ProjectRunner" time="13.599" errors="0" timestamp="2024-09-30T08:41:30 IST" skipped="0">
  <testcase classname="playlistRunner.ProjectRunner" name="runScenario" time="1.530"/>
  <system-out/>
  <testcase classname="playlistRunner.ProjectRunner" name="runScenario" time="8.124"/>
  <system-out/>
  <testcase classname="playlistRunner.ProjectRunner" name="runScenario" time="2.030"/>
  <system-out/>
  <testcase classname="playlistRunner.ProjectRunner" name="runScenario" time="1.915"/>
  <system-out/>
</testsuite> <!-- playlistRunner.ProjectRunner -->
